build/app/intermediates/manifest_merge_blame_file/release/manifest-merger-blame-release-report.txt
1<?xml version="1.0" encoding="utf-8"?>
2<manifest xmlns:android="http://schemas.android.com/apk/res/android"
3    package="com.example.untitled"
4    android:versionCode="1"
5    android:versionName="1.0.0" >
6
7    <uses-sdk
8        android:minSdkVersion="24"
9        android:targetSdkVersion="35" />
10    <!--
11         Required to query activities that can process text, see:
12         https://developer.android.com/training/package-visibility and
13         https://developer.android.com/reference/android/content/Intent#ACTION_PROCESS_TEXT.
14
15         In particular, this is used by the Flutter engine in io.flutter.plugin.text.ProcessTextPlugin.
16    -->
17    <queries>
17-->src\main\AndroidManifest.xml:39:5-44:15
18        <intent>
18-->src\main\AndroidManifest.xml:40:9-43:18
19            <action android:name="android.intent.action.PROCESS_TEXT" />
19-->src\main\AndroidManifest.xml:41:13-72
19-->src\main\AndroidManifest.xml:41:21-70
20
21            <data android:mimeType="text/plain" />
21-->src\main\AndroidManifest.xml:42:13-50
21-->src\main\AndroidManifest.xml:42:19-48
22        </intent>
23    </queries>
24
25    <uses-permission android:name="android.permission.BROADCAST_CLOSE_SYSTEM_DIALOGS" />
25-->[:awesome_notifications] AndroidManifest.xml:7:5-89
25-->[:awesome_notifications] AndroidManifest.xml:7:22-86
26    <uses-permission android:name="android.permission.INTERNET" />
26-->[:firebase_messaging] AndroidManifest.xml:7:5-67
26-->[:firebase_messaging] AndroidManifest.xml:7:22-64
27    <uses-permission android:name="android.permission.WAKE_LOCK" />
27-->[:firebase_messaging] AndroidManifest.xml:8:5-68
27-->[:firebase_messaging] AndroidManifest.xml:8:22-65
28    <uses-permission android:name="android.permission.ACCESS_NETWORK_STATE" /> <!-- Permissions options for the `notification` group -->
28-->[:firebase_messaging] AndroidManifest.xml:9:5-79
28-->[:firebase_messaging] AndroidManifest.xml:9:22-76
29    <uses-permission android:name="android.permission.POST_NOTIFICATIONS" />
29-->[:firebase_messaging] AndroidManifest.xml:11:5-77
29-->[:firebase_messaging] AndroidManifest.xml:11:22-74
30    <uses-permission
30-->[me.carda:AndroidAwnCore:0.10.0] AndroidManifest.xml:9:5-12:47
31        android:name="android.permission.BIND_NOTIFICATION_LISTENER_SERVICE"
31-->[me.carda:AndroidAwnCore:0.10.0] AndroidManifest.xml:10:9-77
32        android:maxSdkVersion="22" /> <!-- Required by older versions of Google Play services to create IID tokens -->
32-->[me.carda:AndroidAwnCore:0.10.0] AndroidManifest.xml:11:9-35
33    <uses-permission android:name="com.google.android.c2dm.permission.RECEIVE" />
33-->[com.google.firebase:firebase-messaging:24.1.0] AndroidManifest.xml:26:5-82
33-->[com.google.firebase:firebase-messaging:24.1.0] AndroidManifest.xml:26:22-79
34    <uses-permission android:name="com.google.android.providers.gsf.permission.READ_GSERVICES" />
34-->[com.google.android.recaptcha:recaptcha:18.5.1] AndroidManifest.xml:9:5-98
34-->[com.google.android.recaptcha:recaptcha:18.5.1] AndroidManifest.xml:9:22-95
35
36    <permission
36-->[androidx.core:core:1.13.1] AndroidManifest.xml:22:5-24:47
37        android:name="com.example.untitled.DYNAMIC_RECEIVER_NOT_EXPORTED_PERMISSION"
37-->[androidx.core:core:1.13.1] AndroidManifest.xml:23:9-81
38        android:protectionLevel="signature" />
38-->[androidx.core:core:1.13.1] AndroidManifest.xml:24:9-44
39
40    <uses-permission android:name="com.example.untitled.DYNAMIC_RECEIVER_NOT_EXPORTED_PERMISSION" /> <!-- for android -->
40-->[androidx.core:core:1.13.1] AndroidManifest.xml:26:5-97
40-->[androidx.core:core:1.13.1] AndroidManifest.xml:26:22-94
41    <!-- <uses-permission android:name="com.android.launcher.permission.READ_SETTINGS"/> -->
42    <!-- <uses-permission android:name="com.android.launcher.permission.WRITE_SETTINGS"/> -->
43    <!-- <uses-permission android:name="com.android.launcher.permission.INSTALL_SHORTCUT" /> -->
44    <!-- <uses-permission android:name="com.android.launcher.permission.UNINSTALL_SHORTCUT" /> -->
45    <!-- for Samsung -->
46    <uses-permission android:name="com.sec.android.provider.badge.permission.READ" />
46-->[me.leolin:ShortcutBadger:1.1.22] AndroidManifest.xml:19:5-86
46-->[me.leolin:ShortcutBadger:1.1.22] AndroidManifest.xml:19:22-83
47    <uses-permission android:name="com.sec.android.provider.badge.permission.WRITE" /> <!-- for htc -->
47-->[me.leolin:ShortcutBadger:1.1.22] AndroidManifest.xml:20:5-87
47-->[me.leolin:ShortcutBadger:1.1.22] AndroidManifest.xml:20:22-84
48    <uses-permission android:name="com.htc.launcher.permission.READ_SETTINGS" />
48-->[me.leolin:ShortcutBadger:1.1.22] AndroidManifest.xml:23:5-81
48-->[me.leolin:ShortcutBadger:1.1.22] AndroidManifest.xml:23:22-78
49    <uses-permission android:name="com.htc.launcher.permission.UPDATE_SHORTCUT" /> <!-- for sony -->
49-->[me.leolin:ShortcutBadger:1.1.22] AndroidManifest.xml:24:5-83
49-->[me.leolin:ShortcutBadger:1.1.22] AndroidManifest.xml:24:22-80
50    <uses-permission android:name="com.sonyericsson.home.permission.BROADCAST_BADGE" />
50-->[me.leolin:ShortcutBadger:1.1.22] AndroidManifest.xml:27:5-88
50-->[me.leolin:ShortcutBadger:1.1.22] AndroidManifest.xml:27:22-85
51    <uses-permission android:name="com.sonymobile.home.permission.PROVIDER_INSERT_BADGE" /> <!-- for apex -->
51-->[me.leolin:ShortcutBadger:1.1.22] AndroidManifest.xml:28:5-92
51-->[me.leolin:ShortcutBadger:1.1.22] AndroidManifest.xml:28:22-89
52    <uses-permission android:name="com.anddoes.launcher.permission.UPDATE_COUNT" /> <!-- for solid -->
52-->[me.leolin:ShortcutBadger:1.1.22] AndroidManifest.xml:31:5-84
52-->[me.leolin:ShortcutBadger:1.1.22] AndroidManifest.xml:31:22-81
53    <uses-permission android:name="com.majeur.launcher.permission.UPDATE_BADGE" /> <!-- for huawei -->
53-->[me.leolin:ShortcutBadger:1.1.22] AndroidManifest.xml:34:5-83
53-->[me.leolin:ShortcutBadger:1.1.22] AndroidManifest.xml:34:22-80
54    <uses-permission android:name="com.huawei.android.launcher.permission.CHANGE_BADGE" />
54-->[me.leolin:ShortcutBadger:1.1.22] AndroidManifest.xml:37:5-91
54-->[me.leolin:ShortcutBadger:1.1.22] AndroidManifest.xml:37:22-88
55    <uses-permission android:name="com.huawei.android.launcher.permission.READ_SETTINGS" />
55-->[me.leolin:ShortcutBadger:1.1.22] AndroidManifest.xml:38:5-92
55-->[me.leolin:ShortcutBadger:1.1.22] AndroidManifest.xml:38:22-89
56    <uses-permission android:name="com.huawei.android.launcher.permission.WRITE_SETTINGS" /> <!-- for ZUK -->
56-->[me.leolin:ShortcutBadger:1.1.22] AndroidManifest.xml:39:5-93
56-->[me.leolin:ShortcutBadger:1.1.22] AndroidManifest.xml:39:22-90
57    <uses-permission android:name="android.permission.READ_APP_BADGE" /> <!-- for OPPO -->
57-->[me.leolin:ShortcutBadger:1.1.22] AndroidManifest.xml:42:5-73
57-->[me.leolin:ShortcutBadger:1.1.22] AndroidManifest.xml:42:22-70
58    <uses-permission android:name="com.oppo.launcher.permission.READ_SETTINGS" />
58-->[me.leolin:ShortcutBadger:1.1.22] AndroidManifest.xml:45:5-82
58-->[me.leolin:ShortcutBadger:1.1.22] AndroidManifest.xml:45:22-79
59    <uses-permission android:name="com.oppo.launcher.permission.WRITE_SETTINGS" /> <!-- for EvMe -->
59-->[me.leolin:ShortcutBadger:1.1.22] AndroidManifest.xml:46:5-83
59-->[me.leolin:ShortcutBadger:1.1.22] AndroidManifest.xml:46:22-80
60    <uses-permission android:name="me.everything.badger.permission.BADGE_COUNT_READ" />
60-->[me.leolin:ShortcutBadger:1.1.22] AndroidManifest.xml:49:5-88
60-->[me.leolin:ShortcutBadger:1.1.22] AndroidManifest.xml:49:22-85
61    <uses-permission android:name="me.everything.badger.permission.BADGE_COUNT_WRITE" />
61-->[me.leolin:ShortcutBadger:1.1.22] AndroidManifest.xml:50:5-89
61-->[me.leolin:ShortcutBadger:1.1.22] AndroidManifest.xml:50:22-86
62
63    <application
64        android:name="android.app.Application"
64-->src\main\AndroidManifest.xml:4:9-42
65        android:appComponentFactory="androidx.core.app.CoreComponentFactory"
65-->[androidx.core:core:1.13.1] AndroidManifest.xml:28:18-86
66        android:extractNativeLibs="false"
67        android:icon="@mipmap/ic_launcher"
67-->src\main\AndroidManifest.xml:5:9-43
68        android:label="2ND CYCLE" >
68-->src\main\AndroidManifest.xml:3:9-34
69        <activity
69-->src\main\AndroidManifest.xml:6:9-27:20
70            android:name="com.example.untitled.MainActivity"
70-->src\main\AndroidManifest.xml:7:13-41
71            android:configChanges="orientation|keyboardHidden|keyboard|screenSize|smallestScreenSize|locale|layoutDirection|fontScale|screenLayout|density|uiMode"
71-->src\main\AndroidManifest.xml:12:13-163
72            android:exported="true"
72-->src\main\AndroidManifest.xml:8:13-36
73            android:hardwareAccelerated="true"
73-->src\main\AndroidManifest.xml:13:13-47
74            android:launchMode="singleTop"
74-->src\main\AndroidManifest.xml:9:13-43
75            android:taskAffinity=""
75-->src\main\AndroidManifest.xml:10:13-36
76            android:theme="@style/LaunchTheme"
76-->src\main\AndroidManifest.xml:11:13-47
77            android:windowSoftInputMode="adjustResize" >
77-->src\main\AndroidManifest.xml:14:13-55
78
79            <!--
80                 Specifies an Android theme to apply to this Activity as soon as
81                 the Android process has started. This theme is visible to the user
82                 while the Flutter UI initializes. After that, this theme continues
83                 to determine the Window background behind the Flutter UI.
84            -->
85            <meta-data
85-->src\main\AndroidManifest.xml:19:13-22:17
86                android:name="io.flutter.embedding.android.NormalTheme"
86-->src\main\AndroidManifest.xml:20:15-70
87                android:resource="@style/NormalTheme" />
87-->src\main\AndroidManifest.xml:21:15-52
88
89            <intent-filter>
89-->src\main\AndroidManifest.xml:23:13-26:29
90                <action android:name="android.intent.action.MAIN" />
90-->src\main\AndroidManifest.xml:24:17-68
90-->src\main\AndroidManifest.xml:24:25-66
91
92                <category android:name="android.intent.category.LAUNCHER" />
92-->src\main\AndroidManifest.xml:25:17-76
92-->src\main\AndroidManifest.xml:25:27-74
93            </intent-filter>
94        </activity>
95        <!--
96             Don't delete the meta-data below.
97             This is used by the Flutter tool to generate GeneratedPluginRegistrant.java
98        -->
99        <meta-data
99-->src\main\AndroidManifest.xml:30:9-32:33
100            android:name="flutterEmbedding"
100-->src\main\AndroidManifest.xml:31:13-44
101            android:value="2" />
101-->src\main\AndroidManifest.xml:32:13-30
102
103        <receiver
103-->[:awesome_notifications] AndroidManifest.xml:10:9-12:39
104            android:name="me.carda.awesome_notifications.DartNotificationActionReceiver"
104-->[:awesome_notifications] AndroidManifest.xml:11:13-89
105            android:exported="true" />
105-->[:awesome_notifications] AndroidManifest.xml:12:13-36
106        <receiver
106-->[:awesome_notifications] AndroidManifest.xml:13:9-15:39
107            android:name="me.carda.awesome_notifications.DartDismissedNotificationReceiver"
107-->[:awesome_notifications] AndroidManifest.xml:14:13-92
108            android:exported="true" />
108-->[:awesome_notifications] AndroidManifest.xml:15:13-36
109        <receiver
109-->[:awesome_notifications] AndroidManifest.xml:16:9-18:39
110            android:name="me.carda.awesome_notifications.DartScheduledNotificationReceiver"
110-->[:awesome_notifications] AndroidManifest.xml:17:13-92
111            android:exported="true" />
111-->[:awesome_notifications] AndroidManifest.xml:18:13-36
112        <receiver
112-->[:awesome_notifications] AndroidManifest.xml:19:9-33:20
113            android:name="me.carda.awesome_notifications.DartRefreshSchedulesReceiver"
113-->[:awesome_notifications] AndroidManifest.xml:20:13-87
114            android:enabled="true"
114-->[:awesome_notifications] AndroidManifest.xml:21:13-35
115            android:exported="true" >
115-->[:awesome_notifications] AndroidManifest.xml:22:13-36
116            <intent-filter>
116-->[:awesome_notifications] AndroidManifest.xml:23:13-32:29
117                <category android:name="android.intent.category.DEFAULT" />
117-->[:awesome_notifications] AndroidManifest.xml:24:17-76
117-->[:awesome_notifications] AndroidManifest.xml:24:27-73
118
119                <action android:name="android.intent.action.BOOT_COMPLETED" />
119-->[:awesome_notifications] AndroidManifest.xml:26:17-79
119-->[:awesome_notifications] AndroidManifest.xml:26:25-76
120                <action android:name="android.intent.action.LOCKED_BOOT_COMPLETED" />
120-->[:awesome_notifications] AndroidManifest.xml:27:17-86
120-->[:awesome_notifications] AndroidManifest.xml:27:25-83
121                <action android:name="android.intent.action.MY_PACKAGE_REPLACED" />
121-->[:awesome_notifications] AndroidManifest.xml:28:17-84
121-->[:awesome_notifications] AndroidManifest.xml:28:25-81
122                <action android:name="android.intent.action.QUICKBOOT_POWERON" />
122-->[:awesome_notifications] AndroidManifest.xml:29:17-82
122-->[:awesome_notifications] AndroidManifest.xml:29:25-79
123                <action android:name="com.htc.intent.action.QUICKBOOT_POWERON" />
123-->[:awesome_notifications] AndroidManifest.xml:30:17-82
123-->[:awesome_notifications] AndroidManifest.xml:30:25-79
124                <action android:name="android.app.action.SCHEDULE_EXACT_ALARM_PERMISSION_STATE_CHANGED" />
124-->[:awesome_notifications] AndroidManifest.xml:31:17-107
124-->[:awesome_notifications] AndroidManifest.xml:31:25-104
125            </intent-filter>
126        </receiver>
127
128        <service
128-->[:awesome_notifications] AndroidManifest.xml:35:9-38:72
129            android:name="me.carda.awesome_notifications.DartBackgroundService"
129-->[:awesome_notifications] AndroidManifest.xml:36:13-80
130            android:exported="false"
130-->[:awesome_notifications] AndroidManifest.xml:37:13-37
131            android:permission="android.permission.BIND_JOB_SERVICE" />
131-->[:awesome_notifications] AndroidManifest.xml:38:13-69
132        <service
132-->[:awesome_notifications] AndroidManifest.xml:39:9-44:43
133            android:name="me.carda.awesome_notifications.core.services.ForegroundService"
133-->[:awesome_notifications] AndroidManifest.xml:40:13-90
134            android:enabled="true"
134-->[:awesome_notifications] AndroidManifest.xml:41:13-35
135            android:exported="false"
135-->[:awesome_notifications] AndroidManifest.xml:42:13-37
136            android:foregroundServiceType="phoneCall"
136-->[:awesome_notifications] AndroidManifest.xml:43:13-54
137            android:stopWithTask="true" />
137-->[:awesome_notifications] AndroidManifest.xml:44:13-40
138        <service
138-->[:cloud_firestore] AndroidManifest.xml:8:9-12:19
139            android:name="com.google.firebase.components.ComponentDiscoveryService"
139-->[:cloud_firestore] AndroidManifest.xml:8:18-89
140            android:directBootAware="true"
140-->[com.google.firebase:firebase-common:21.0.0] AndroidManifest.xml:32:13-43
141            android:exported="false" >
141-->[com.google.firebase:firebase-auth:23.1.0] AndroidManifest.xml:68:13-37
142            <meta-data
142-->[:cloud_firestore] AndroidManifest.xml:9:13-11:85
143                android:name="com.google.firebase.components:io.flutter.plugins.firebase.firestore.FlutterFirebaseFirestoreRegistrar"
143-->[:cloud_firestore] AndroidManifest.xml:10:17-134
144                android:value="com.google.firebase.components.ComponentRegistrar" />
144-->[:cloud_firestore] AndroidManifest.xml:11:17-82
145            <meta-data
145-->[:firebase_auth] AndroidManifest.xml:9:13-11:85
146                android:name="com.google.firebase.components:io.flutter.plugins.firebase.auth.FlutterFirebaseAuthRegistrar"
146-->[:firebase_auth] AndroidManifest.xml:10:17-124
147                android:value="com.google.firebase.components.ComponentRegistrar" />
147-->[:firebase_auth] AndroidManifest.xml:11:17-82
148            <meta-data
148-->[:firebase_messaging] AndroidManifest.xml:36:13-38:85
149                android:name="com.google.firebase.components:io.flutter.plugins.firebase.messaging.FlutterFirebaseAppRegistrar"
149-->[:firebase_messaging] AndroidManifest.xml:37:17-128
150                android:value="com.google.firebase.components.ComponentRegistrar" />
150-->[:firebase_messaging] AndroidManifest.xml:38:17-82
151            <meta-data
151-->[:firebase_core] AndroidManifest.xml:9:13-11:85
152                android:name="com.google.firebase.components:io.flutter.plugins.firebase.core.FlutterFirebaseCoreRegistrar"
152-->[:firebase_core] AndroidManifest.xml:10:17-124
153                android:value="com.google.firebase.components.ComponentRegistrar" />
153-->[:firebase_core] AndroidManifest.xml:11:17-82
154            <meta-data
154-->[com.google.firebase:firebase-auth:23.1.0] AndroidManifest.xml:69:13-71:85
155                android:name="com.google.firebase.components:com.google.firebase.auth.FirebaseAuthRegistrar"
155-->[com.google.firebase:firebase-auth:23.1.0] AndroidManifest.xml:70:17-109
156                android:value="com.google.firebase.components.ComponentRegistrar" />
156-->[com.google.firebase:firebase-auth:23.1.0] AndroidManifest.xml:71:17-82
157            <meta-data
157-->[com.google.firebase:firebase-firestore:25.1.1] AndroidManifest.xml:17:13-19:85
158                android:name="com.google.firebase.components:com.google.firebase.firestore.FirebaseFirestoreKtxRegistrar"
158-->[com.google.firebase:firebase-firestore:25.1.1] AndroidManifest.xml:18:17-122
159                android:value="com.google.firebase.components.ComponentRegistrar" />
159-->[com.google.firebase:firebase-firestore:25.1.1] AndroidManifest.xml:19:17-82
160            <meta-data
160-->[com.google.firebase:firebase-firestore:25.1.1] AndroidManifest.xml:20:13-22:85
161                android:name="com.google.firebase.components:com.google.firebase.firestore.FirestoreRegistrar"
161-->[com.google.firebase:firebase-firestore:25.1.1] AndroidManifest.xml:21:17-111
162                android:value="com.google.firebase.components.ComponentRegistrar" />
162-->[com.google.firebase:firebase-firestore:25.1.1] AndroidManifest.xml:22:17-82
163            <meta-data
163-->[com.google.firebase:firebase-messaging:24.1.0] AndroidManifest.xml:57:13-59:85
164                android:name="com.google.firebase.components:com.google.firebase.messaging.FirebaseMessagingKtxRegistrar"
164-->[com.google.firebase:firebase-messaging:24.1.0] AndroidManifest.xml:58:17-122
165                android:value="com.google.firebase.components.ComponentRegistrar" />
165-->[com.google.firebase:firebase-messaging:24.1.0] AndroidManifest.xml:59:17-82
166            <meta-data
166-->[com.google.firebase:firebase-messaging:24.1.0] AndroidManifest.xml:60:13-62:85
167                android:name="com.google.firebase.components:com.google.firebase.messaging.FirebaseMessagingRegistrar"
167-->[com.google.firebase:firebase-messaging:24.1.0] AndroidManifest.xml:61:17-119
168                android:value="com.google.firebase.components.ComponentRegistrar" />
168-->[com.google.firebase:firebase-messaging:24.1.0] AndroidManifest.xml:62:17-82
169            <meta-data
169-->[com.google.firebase:firebase-installations:18.0.0] AndroidManifest.xml:15:13-17:85
170                android:name="com.google.firebase.components:com.google.firebase.installations.FirebaseInstallationsKtxRegistrar"
170-->[com.google.firebase:firebase-installations:18.0.0] AndroidManifest.xml:16:17-130
171                android:value="com.google.firebase.components.ComponentRegistrar" />
171-->[com.google.firebase:firebase-installations:18.0.0] AndroidManifest.xml:17:17-82
172            <meta-data
172-->[com.google.firebase:firebase-installations:18.0.0] AndroidManifest.xml:18:13-20:85
173                android:name="com.google.firebase.components:com.google.firebase.installations.FirebaseInstallationsRegistrar"
173-->[com.google.firebase:firebase-installations:18.0.0] AndroidManifest.xml:19:17-127
174                android:value="com.google.firebase.components.ComponentRegistrar" />
174-->[com.google.firebase:firebase-installations:18.0.0] AndroidManifest.xml:20:17-82
175            <meta-data
175-->[com.google.firebase:firebase-common-ktx:21.0.0] AndroidManifest.xml:12:13-14:85
176                android:name="com.google.firebase.components:com.google.firebase.ktx.FirebaseCommonLegacyRegistrar"
176-->[com.google.firebase:firebase-common-ktx:21.0.0] AndroidManifest.xml:13:17-116
177                android:value="com.google.firebase.components.ComponentRegistrar" />
177-->[com.google.firebase:firebase-common-ktx:21.0.0] AndroidManifest.xml:14:17-82
178            <meta-data
178-->[com.google.firebase:firebase-common:21.0.0] AndroidManifest.xml:35:13-37:85
179                android:name="com.google.firebase.components:com.google.firebase.FirebaseCommonKtxRegistrar"
179-->[com.google.firebase:firebase-common:21.0.0] AndroidManifest.xml:36:17-109
180                android:value="com.google.firebase.components.ComponentRegistrar" />
180-->[com.google.firebase:firebase-common:21.0.0] AndroidManifest.xml:37:17-82
181            <meta-data
181-->[com.google.firebase:firebase-datatransport:18.2.0] AndroidManifest.xml:25:13-27:85
182                android:name="com.google.firebase.components:com.google.firebase.datatransport.TransportRegistrar"
182-->[com.google.firebase:firebase-datatransport:18.2.0] AndroidManifest.xml:26:17-115
183                android:value="com.google.firebase.components.ComponentRegistrar" />
183-->[com.google.firebase:firebase-datatransport:18.2.0] AndroidManifest.xml:27:17-82
184        </service>
185        <service
185-->[:firebase_messaging] AndroidManifest.xml:14:9-17:72
186            android:name="io.flutter.plugins.firebase.messaging.FlutterFirebaseMessagingBackgroundService"
186-->[:firebase_messaging] AndroidManifest.xml:15:13-107
187            android:exported="false"
187-->[:firebase_messaging] AndroidManifest.xml:16:13-37
188            android:permission="android.permission.BIND_JOB_SERVICE" />
188-->[:firebase_messaging] AndroidManifest.xml:17:13-69
189        <service
189-->[:firebase_messaging] AndroidManifest.xml:18:9-24:19
190            android:name="io.flutter.plugins.firebase.messaging.FlutterFirebaseMessagingService"
190-->[:firebase_messaging] AndroidManifest.xml:19:13-97
191            android:exported="false" >
191-->[:firebase_messaging] AndroidManifest.xml:20:13-37
192            <intent-filter>
192-->[:firebase_messaging] AndroidManifest.xml:21:13-23:29
193                <action android:name="com.google.firebase.MESSAGING_EVENT" />
193-->[:firebase_messaging] AndroidManifest.xml:22:17-78
193-->[:firebase_messaging] AndroidManifest.xml:22:25-75
194            </intent-filter>
195        </service>
196
197        <receiver
197-->[:firebase_messaging] AndroidManifest.xml:26:9-33:20
198            android:name="io.flutter.plugins.firebase.messaging.FlutterFirebaseMessagingReceiver"
198-->[:firebase_messaging] AndroidManifest.xml:27:13-98
199            android:exported="true"
199-->[:firebase_messaging] AndroidManifest.xml:28:13-36
200            android:permission="com.google.android.c2dm.permission.SEND" >
200-->[:firebase_messaging] AndroidManifest.xml:29:13-73
201            <intent-filter>
201-->[:firebase_messaging] AndroidManifest.xml:30:13-32:29
202                <action android:name="com.google.android.c2dm.intent.RECEIVE" />
202-->[:firebase_messaging] AndroidManifest.xml:31:17-81
202-->[:firebase_messaging] AndroidManifest.xml:31:25-78
203            </intent-filter>
204        </receiver>
205
206        <provider
206-->[:firebase_messaging] AndroidManifest.xml:41:9-45:38
207            android:name="io.flutter.plugins.firebase.messaging.FlutterFirebaseMessagingInitProvider"
207-->[:firebase_messaging] AndroidManifest.xml:42:13-102
208            android:authorities="com.example.untitled.flutterfirebasemessaginginitprovider"
208-->[:firebase_messaging] AndroidManifest.xml:43:13-88
209            android:exported="false"
209-->[:firebase_messaging] AndroidManifest.xml:44:13-37
210            android:initOrder="99" />
210-->[:firebase_messaging] AndroidManifest.xml:45:13-35
211
212        <service
212-->[me.carda:AndroidAwnCore:0.10.0] AndroidManifest.xml:21:9-28:19
213            android:name="me.carda.awesome_notifications.core.managers.StatusBarManager"
213-->[me.carda:AndroidAwnCore:0.10.0] AndroidManifest.xml:22:13-89
214            android:exported="true"
214-->[me.carda:AndroidAwnCore:0.10.0] AndroidManifest.xml:23:13-36
215            android:label="My Notification Listener Service" >
215-->[me.carda:AndroidAwnCore:0.10.0] AndroidManifest.xml:24:13-61
216            <intent-filter>
216-->[me.carda:AndroidAwnCore:0.10.0] AndroidManifest.xml:25:13-27:29
217                <action android:name="android.service.notification.NotificationListenerService" />
217-->[me.carda:AndroidAwnCore:0.10.0] AndroidManifest.xml:26:17-99
217-->[me.carda:AndroidAwnCore:0.10.0] AndroidManifest.xml:26:25-96
218            </intent-filter>
219        </service>
220        <service
220-->[androidx.room:room-runtime:2.6.1] AndroidManifest.xml:24:9-28:63
221            android:name="androidx.room.MultiInstanceInvalidationService"
221-->[androidx.room:room-runtime:2.6.1] AndroidManifest.xml:25:13-74
222            android:directBootAware="true"
222-->[androidx.room:room-runtime:2.6.1] AndroidManifest.xml:26:13-43
223            android:exported="false" />
223-->[androidx.room:room-runtime:2.6.1] AndroidManifest.xml:27:13-37
224
225        <activity
225-->[com.google.firebase:firebase-auth:23.1.0] AndroidManifest.xml:29:9-46:20
226            android:name="com.google.firebase.auth.internal.GenericIdpActivity"
226-->[com.google.firebase:firebase-auth:23.1.0] AndroidManifest.xml:30:13-80
227            android:excludeFromRecents="true"
227-->[com.google.firebase:firebase-auth:23.1.0] AndroidManifest.xml:31:13-46
228            android:exported="true"
228-->[com.google.firebase:firebase-auth:23.1.0] AndroidManifest.xml:32:13-36
229            android:launchMode="singleTask"
229-->[com.google.firebase:firebase-auth:23.1.0] AndroidManifest.xml:33:13-44
230            android:theme="@android:style/Theme.Translucent.NoTitleBar" >
230-->[com.google.firebase:firebase-auth:23.1.0] AndroidManifest.xml:34:13-72
231            <intent-filter>
231-->[com.google.firebase:firebase-auth:23.1.0] AndroidManifest.xml:35:13-45:29
232                <action android:name="android.intent.action.VIEW" />
232-->[com.google.firebase:firebase-auth:23.1.0] AndroidManifest.xml:36:17-69
232-->[com.google.firebase:firebase-auth:23.1.0] AndroidManifest.xml:36:25-66
233
234                <category android:name="android.intent.category.DEFAULT" />
234-->[:awesome_notifications] AndroidManifest.xml:24:17-76
234-->[:awesome_notifications] AndroidManifest.xml:24:27-73
235                <category android:name="android.intent.category.BROWSABLE" />
235-->[com.google.firebase:firebase-auth:23.1.0] AndroidManifest.xml:39:17-78
235-->[com.google.firebase:firebase-auth:23.1.0] AndroidManifest.xml:39:27-75
236
237                <data
237-->src\main\AndroidManifest.xml:42:13-50
238                    android:host="firebase.auth"
239                    android:path="/"
240                    android:scheme="genericidp" />
241            </intent-filter>
242        </activity>
243        <activity
243-->[com.google.firebase:firebase-auth:23.1.0] AndroidManifest.xml:47:9-64:20
244            android:name="com.google.firebase.auth.internal.RecaptchaActivity"
244-->[com.google.firebase:firebase-auth:23.1.0] AndroidManifest.xml:48:13-79
245            android:excludeFromRecents="true"
245-->[com.google.firebase:firebase-auth:23.1.0] AndroidManifest.xml:49:13-46
246            android:exported="true"
246-->[com.google.firebase:firebase-auth:23.1.0] AndroidManifest.xml:50:13-36
247            android:launchMode="singleTask"
247-->[com.google.firebase:firebase-auth:23.1.0] AndroidManifest.xml:51:13-44
248            android:theme="@android:style/Theme.Translucent.NoTitleBar" >
248-->[com.google.firebase:firebase-auth:23.1.0] AndroidManifest.xml:52:13-72
249            <intent-filter>
249-->[com.google.firebase:firebase-auth:23.1.0] AndroidManifest.xml:53:13-63:29
250                <action android:name="android.intent.action.VIEW" />
250-->[com.google.firebase:firebase-auth:23.1.0] AndroidManifest.xml:36:17-69
250-->[com.google.firebase:firebase-auth:23.1.0] AndroidManifest.xml:36:25-66
251
252                <category android:name="android.intent.category.DEFAULT" />
252-->[:awesome_notifications] AndroidManifest.xml:24:17-76
252-->[:awesome_notifications] AndroidManifest.xml:24:27-73
253                <category android:name="android.intent.category.BROWSABLE" />
253-->[com.google.firebase:firebase-auth:23.1.0] AndroidManifest.xml:39:17-78
253-->[com.google.firebase:firebase-auth:23.1.0] AndroidManifest.xml:39:27-75
254
255                <data
255-->src\main\AndroidManifest.xml:42:13-50
256                    android:host="firebase.auth"
257                    android:path="/"
258                    android:scheme="recaptcha" />
259            </intent-filter>
260        </activity>
261
262        <receiver
262-->[com.google.firebase:firebase-messaging:24.1.0] AndroidManifest.xml:29:9-40:20
263            android:name="com.google.firebase.iid.FirebaseInstanceIdReceiver"
263-->[com.google.firebase:firebase-messaging:24.1.0] AndroidManifest.xml:30:13-78
264            android:exported="true"
264-->[com.google.firebase:firebase-messaging:24.1.0] AndroidManifest.xml:31:13-36
265            android:permission="com.google.android.c2dm.permission.SEND" >